2019-01-22 06:58:30 +0000 [MT] Initial pipeline context: <IDEDistributionProcessingPipelineContext: 0x7ff603dc3e80; archive(resolved)='<IDEArchive: 0x7ff603d47ff0>', distributionTask(resolved)='2', distributionDestination(resolved)='1', distributionMethod(resolved)='<IDEDistributionMethodDevelopmentSigned: 0x7ff6068036c0>', team(resolved)='<IDEProvisioningBasicTeam: 0x7ff603d7dc00; teamID='CPU5K89JGU', teamName='Kindermate Inc.'>'>
	Chain (11, self inclusive):
	<IDEDistributionProcessingPipelineContext: 0x7ff603dc3e80; archive = '<IDEArchive: 0x7ff603d47ff0>', distributionMethod='<IDEDistributionMethodDevelopmentSigned: 0x7ff6068036c0>', team='<IDEProvisioningBasicTeam: 0x7ff603d7dc00; teamID='CPU5K89JGU', teamName='Kindermate Inc.'>'>
	<IDEDistributionProcessingPipelineContext: 0x7ff603dc1830; archive = '<IDEArchive: 0x7ff603d47ff0>', distributionMethod='<IDEDistributionMethodDevelopmentSigned: 0x7ff6068036c0>', team='<IDEProvisioningBasicTeam: 0x7ff603d7dc00; teamID='CPU5K89JGU', teamName='Kindermate Inc.'>'>
	<IDEDistributionContext: 0x7ff603dbbd10; archive = '<IDEArchive: 0x7ff603d47ff0>', distributionMethod='<IDEDistributionMethodDevelopmentSigned: 0x7ff6068036c0>', team='<IDEProvisioningBasicTeam: 0x7ff603d7dc00; teamID='CPU5K89JGU', teamName='Kindermate Inc.'>'>
	<IDEDistributionContext: 0x7ff6064b61e0; archive = '<IDEArchive: 0x7ff603d47ff0>', distributionMethod='<IDEDistributionMethodDevelopmentSigned: 0x7ff6068036c0>', team='<IDEProvisioningBasicTeam: 0x7ff603d7dc00; teamID='CPU5K89JGU', teamName='Kindermate Inc.'>'>
	<IDEDistributionContext: 0x7ff606790090; archive = '<IDEArchive: 0x7ff603d47ff0>', distributionMethod='<IDEDistributionMethodDevelopmentSigned: 0x7ff6068036c0>', team='<IDEProvisioningBasicTeam: 0x7ff603d7dc00; teamID='CPU5K89JGU', teamName='Kindermate Inc.'>'>
	<IDEDistributionContext: 0x7ff603da06e0; archive = '<IDEArchive: 0x7ff603d47ff0>', distributionMethod='<IDEDistributionMethodDevelopmentSigned: 0x7ff6068036c0>', team='<IDEProvisioningBasicTeam: 0x7ff603d7dc00; teamID='CPU5K89JGU', teamName='Kindermate Inc.'>'>
	<IDEDistributionContext: 0x7ff603d99ec0; archive = '<IDEArchive: 0x7ff603d47ff0>', distributionMethod='<IDEDistributionMethodDevelopmentSigned: 0x7ff6068036c0>', team='<IDEProvisioningBasicTeam: 0x7ff603d7dc00; teamID='CPU5K89JGU', teamName='Kindermate Inc.'>'>
	<IDEDistributionContext: 0x7ff603d9d410; archive = '<IDEArchive: 0x7ff603d47ff0>', distributionMethod='<IDEDistributionMethodDevelopmentSigned: 0x7ff6068036c0>', team='<IDEProvisioningBasicTeam: 0x7ff603d7dc00; teamID='CPU5K89JGU', teamName='Kindermate Inc.'>'>
	<IDEDistributionContext: 0x7ff6064b6be0; archive = '<IDEArchive: 0x7ff603d47ff0>', distributionMethod='<IDEDistributionMethodDevelopmentSigned: 0x7ff6068036c0>', team='<IDEProvisioningBasicTeam: 0x7ff603d7dc00; teamID='CPU5K89JGU', teamName='Kindermate Inc.'>'>
	<IDEDistributionContext: 0x7ff603d5c380; archive = '<IDEArchive: 0x7ff603d47ff0>', distributionMethod='<IDEDistributionMethodDevelopmentSigned: 0x7ff6068036c0>', team='(null)'>
	<IDEDistributionContext: 0x7ff603d488a0; archive = '<IDEArchive: 0x7ff603d47ff0>', distributionMethod='(null)', team='(null)'>
</IDEDistributionProcessingPipelineContext: 0x7ff603dc3e80>
2019-01-22 06:58:30 +0000 [MT] Processing step: IDEDistributionCreateDestRootStep
2019-01-22 06:58:30 +0000 [MT] Processing step: IDEDistributionCopyItemStep
2019-01-22 06:58:30 +0000 [MT] Running /usr/bin/ditto '-V' '/Users/shamim/.jenkins/workspace/jenkins-test-repo/jenkins-demo/build/Debug-iphoneos/jenkins-demo.xcarchive/Products/Applications/jenkins-demo.app' '/var/folders/9d/b9k0sbgs6cjgd66t2mgds5jm0000gp/T/XcodeDistPipeline.b40/Root/Payload/jenkins-demo.app'
2019-01-22 06:58:30 +0000  >>> Copying /Users/shamim/.jenkins/workspace/jenkins-test-repo/jenkins-demo/build/Debug-iphoneos/jenkins-demo.xcarchive/Products/Applications/jenkins-demo.app 
2019-01-22 06:58:30 +0000  copying file ./_CodeSignature/CodeResources ... 
2019-01-22 06:58:30 +0000  3895 bytes for ./_CodeSignature/CodeResources
2019-01-22 06:58:30 +0000  copying file ./jenkins-demo ... 
2019-01-22 06:58:30 +0000  136352 bytes for ./jenkins-demo
2019-01-22 06:58:30 +0000  copying file ./Base.lproj/Main.storyboardc/UIViewController-BYZ-38-t0r.nib ... 
2019-01-22 06:58:30 +0000  916 bytes for ./Base.lproj/Main.storyboardc/UIViewController-BYZ-38-t0r.nib
2019-01-22 06:58:30 +0000  copying file ./Base.lproj/Main.storyboardc/BYZ-38-t0r-view-8bC-Xf-vdC.nib ... 
2019-01-22 06:58:30 +0000  1136 bytes for ./Base.lproj/Main.storyboardc/BYZ-38-t0r-view-8bC-Xf-vdC.nib
2019-01-22 06:58:30 +0000  copying file ./Base.lproj/Main.storyboardc/Info.plist ... 
2019-01-22 06:58:30 +0000  258 bytes for ./Base.lproj/Main.storyboardc/Info.plist
2019-01-22 06:58:30 +0000  copying file ./Base.lproj/LaunchScreen.storyboardc/01J-lp-oVM-view-Ze5-6b-2t3.nib ... 
2019-01-22 06:58:30 +0000  1136 bytes for ./Base.lproj/LaunchScreen.storyboardc/01J-lp-oVM-view-Ze5-6b-2t3.nib
2019-01-22 06:58:30 +0000  copying file ./Base.lproj/LaunchScreen.storyboardc/UIViewController-01J-lp-oVM.nib ... 
2019-01-22 06:58:30 +0000  832 bytes for ./Base.lproj/LaunchScreen.storyboardc/UIViewController-01J-lp-oVM.nib
2019-01-22 06:58:30 +0000  copying file ./Base.lproj/LaunchScreen.storyboardc/Info.plist ... 
2019-01-22 06:58:30 +0000  258 bytes for ./Base.lproj/LaunchScreen.storyboardc/Info.plist
2019-01-22 06:58:30 +0000  copying file ./embedded.mobileprovision ... 
2019-01-22 06:58:30 +0000  20548 bytes for ./embedded.mobileprovision
copying file ./Info.plist ... 
2019-01-22 06:58:30 +0000  1117 bytes for ./Info.plist
copying file ./PkgInfo ... 
2019-01-22 06:58:30 +0000  8 bytes for ./PkgInfo
2019-01-22 06:58:30 +0000 [MT] /usr/bin/ditto exited with 0
2019-01-22 06:58:30 +0000 [MT] Processing step: IDEDistributionEmbedProfileStep
2019-01-22 06:58:30 +0000 [MT] Processing step: IDEDistributionAppThinningPlistStep
2019-01-22 06:58:30 +0000 [MT] Skipping step: IDEDistributionAppThinningPlistStep because it said so
2019-01-22 06:58:30 +0000 [MT] Processing step: IDEDistributionCompileBitcodeStep
2019-01-22 06:58:30 +0000 [MT] Running /Applications/Xcode.app/Contents/Developer/usr/bin/ipatool '/var/folders/9d/b9k0sbgs6cjgd66t2mgds5jm0000gp/T/XcodeDistPipeline.b40/Root' '--json' '/var/folders/9d/b9k0sbgs6cjgd66t2mgds5jm0000gp/T/ipatool-json-filepath-OVbd0f' '--compile-bitcode' '--output' '/var/folders/9d/b9k0sbgs6cjgd66t2mgds5jm0000gp/T/IDEIPAProcessor.AppThinning.9hY' '--toolchain' '/Applications/Xcode.app/Contents/Developer/Toolchains/XcodeDefault.xctoolchain/usr' '--platforms' '/Applications/Xcode.app/Contents/Developer/Platforms' '--app-store-tools-build-version' '10B61'
2019-01-22 06:58:30 +0000  ruby 2.3.7p456 (2018-03-28 revision 63024) [universal.x86_64-darwin18]
2019-01-22 06:58:30 +0000  /Applications/Xcode.app/Contents/Developer/usr/bin/ipatool:3155: warning: shadowing outer local variable - c
/Applications/Xcode.app/Contents/Developer/usr/bin/ipatool:3161: warning: shadowing outer local variable - c
/Applications/Xcode.app/Contents/Developer/usr/bin/ipatool:3164: warning: shadowing outer local variable - c
2019-01-22 06:58:30 +0000  /Applications/Xcode.app/Contents/Developer/usr/bin/ipatool:3154: warning: assigned but unused variable - prod
/Applications/Xcode.app/Contents/Developer/usr/bin/ipatool:3428: warning: mismatched indentations at 'end' with 'def' at 3355
2019-01-22 06:58:30 +0000  /System/Library/Frameworks/Ruby.framework/Versions/2.3/usr/lib/ruby/gems/2.3.0/gems/libxml-ruby-2.9.0/lib/libxml/schema/type.rb:8: warning: method redefined; discarding old annotation
2019-01-22 06:58:30 +0000  /System/Library/Frameworks/Ruby.framework/Versions/2.3/usr/lib/ruby/gems/2.3.0/gems/libxml-ruby-2.9.0/lib/libxml/schema/element.rb:18: warning: method redefined; discarding old annotation
2019-01-22 06:58:30 +0000  OS X 10.14.2 18C54
2019-01-22 06:58:30 +0000  ENV: {"JOB_DISPLAY_URL"=>"http://localhost:8080/shamim/job/jenkins-test-repo/display/redirect", "GIT_PREVIOUS_COMMIT"=>"b3b3270c94655730cf38e0bc5e966093ba5866e7", "JAVA_MAIN_CLASS_446"=>"Main", "RUN_DISPLAY_URL"=>"http://localhost:8080/shamim/job/jenkins-test-repo/14/display/redirect", "SSH_AUTH_SOCK"=>"/private/tmp/com.apple.launchd.U0vm65skau/Listeners", "HUDSON_COOKIE"=>"4964b203-459b-4f01-b6a9-259ace9bc20f", "SHELL"=>"/bin/bash", "XPC_SERVICE_NAME"=>"homebrew.mxcl.jenkins", "BUILD_NUMBER"=>"14", "BUILD_URL"=>"http://localhost:8080/shamim/job/jenkins-test-repo/14/", "BUILD_TAG"=>"jenkins-jenkins-test-repo-14", "BUILD_ID"=>"14", "NODE_NAME"=>"master", "JENKINS_SERVER_COOKIE"=>"8d220703aabcf973", "HUDSON_HOME"=>"/Users/shamim/.jenkins", "HOME"=>"/Users/shamim", "TMPDIR"=>"/var/folders/9d/b9k0sbgs6cjgd66t2mgds5jm0000gp/T/", "BUILD_DISPLAY_NAME"=>"#14", "WORKSPACE"=>"/Users/shamim/.jenkins/workspace/jenkins-test-repo", "RUN_CHANGES_DISPLAY_URL"=>"http://localhost:8080/shamim/job/jenkins-test-repo/14/display/redirect?page=changes", "GIT_COMMIT"=>"f15d0bdcdec2a0a76be90317ae6646409385ee3e", "XPC_FLAGS"=>"0x0", "PATH"=>"/Applications/Xcode.app/Contents/Developer/Toolchains/XcodeDefault.xctoolchain/usr/bin:/Applications/Xcode.app/Contents/Developer/Toolchains/XcodeDefault.xctoolchain/usr/local/bin:/Applications/Xcode.app/Contents/Developer/Toolchains/XcodeDefault.xctoolchain/usr/libexec:/Applications/Xcode.app/Contents/Developer/usr/bin:/Applications/Xcode.app/Contents/Developer/usr/local/bin:/Applications/Xcode.app/Contents/Developer/Tools:/usr/bin:/bin:/usr/sbin:/sbin", "com.apple.java.jvmTask"=>"CommandLine", "GIT_URL"=>"https://github.com/shamim-ict/jenkins-test-repo.git", "GIT_PREVIOUS_SUCCESSFUL_COMMIT"=>"b3b3270c94655730cf38e0bc5e966093ba5866e7", "USER"=>"shamim", "HUDSON_URL"=>"http://localhost:8080/shamim/", "JENKINS_URL"=>"http://localhost:8080/shamim/", "JOB_URL"=>"http://localhost:8080/shamim/job/jenkins-test-repo/", "Apple_PubSub_Socket_Render"=>"/private/tmp/com.apple.launchd.X5ddCqDHGx/Render", "NODE_LABELS"=>"master", "EXECUTOR_NUMBER"=>"1", "HUDSON_SERVER_COOKIE"=>"8d220703aabcf973", "LOGNAME"=>"shamim", "JOB_NAME"=>"jenkins-test-repo", "JOB_BASE_NAME"=>"jenkins-test-repo", "JENKINS_HOME"=>"/Users/shamim/.jenkins", "GIT_BRANCH"=>"origin/master", "__CF_USER_TEXT_ENCODING"=>"0x1F6:0x0:0x0"}
ARGV: ["/var/folders/9d/b9k0sbgs6cjgd66t2mgds5jm0000gp/T/XcodeDistPipeline.b40/Root", "--json", "/var/folders/9d/b9k0sbgs6cjgd66t2mgds5jm0000gp/T/ipatool-json-filepath-OVbd0f", "--compile-bitcode", "--output", "/var/folders/9d/b9k0sbgs6cjgd66t2mgds5jm0000gp/T/IDEIPAProcessor.AppThinning.9hY", "--toolchain", "/Applications/Xcode.app/Contents/Developer/Toolchains/XcodeDefault.xctoolchain/usr", "--platforms", "/Applications/Xcode.app/Contents/Developer/Platforms", "--app-store-tools-build-version", "10B61"]
2019-01-22 06:58:30 +0000  ---
IPA contents:
2019-01-22 06:58:30 +0000  /var/folders/9d/b9k0sbgs6cjgd66t2mgds5jm0000gp/T/XcodeDistPipeline.b40/Root
/var/folders/9d/b9k0sbgs6cjgd66t2mgds5jm0000gp/T/XcodeDistPipeline.b40/Root/Payload
/var/folders/9d/b9k0sbgs6cjgd66t2mgds5jm0000gp/T/XcodeDistPipeline.b40/Root/Payload/jenkins-demo.app
/var/folders/9d/b9k0sbgs6cjgd66t2mgds5jm0000gp/T/XcodeDistPipeline.b40/Root/Payload/jenkins-demo.app/Base.lproj
/var/folders/9d/b9k0sbgs6cjgd66t2mgds5jm0000gp/T/XcodeDistPipeline.b40/Root/Payload/jenkins-demo.app/Base.lproj/LaunchScreen.storyboardc
/var/folders/9d/b9k0sbgs6cjgd66t2mgds5jm0000gp/T/XcodeDistPipeline.b40/Root/Payload/jenkins-demo.app/Base.lproj/LaunchScreen.storyboardc/01J-lp-oVM-view-Ze5-6b-2t3.nib
/var/folders/9d/b9k0sbgs6cjgd66t2mgds5jm0000gp/T/XcodeDistPipeline.b40/Root/Payload/jenkins-demo.app/Base.lproj/LaunchScreen.storyboardc/Info.plist
/var/folders/9d/b9k0sbgs6cjgd66t2mgds5jm0000gp/T/XcodeDistPipeline.b40/Root/Payload/jenkins-demo.app/Base.lproj/LaunchScreen.storyboardc/UIViewController-01J-lp-oVM.nib
/var/folders/9d/b9k0sbgs6cjgd66t2mgds5jm0000gp/T/XcodeDistPipeline.b40/Root/Payload/jenkins-demo.app/Base.lproj/Main.storyboardc
/var/folders/9d/b9k0sbgs6cjgd66t2mgds5jm0000gp/T/XcodeDistPipeline.b40/Root/Payload/jenkins-demo.app/Base.lproj/Main.storyboardc/BYZ-38-t0r-view-8bC-Xf-vdC.nib
/var/folders/9d/b9k0sbgs6cjgd66t2mgds5jm0000gp/T/XcodeDistPipeline.b40/Root/Payload/jenkins-demo.app/Base.lproj/Main.storyboardc/Info.plist
/var/folders/9d/b9k0sbgs6cjgd66t2mgds5jm0000gp/T/XcodeDistPipeline.b40/Root/Payload/jenkins-demo.app/Base.lproj/Main.storyboardc/UIViewController-BYZ-38-t0r.nib
/var/folders/9d/b9k0sbgs6cjgd66t2mgds5jm0000gp/T/XcodeDistPipeline.b40/Root/Payload/jenkins-demo.app/Info.plist
/var/folders/9d/b9k0sbgs6cjgd66t2mgds5jm0000gp/T/XcodeDistPipeline.b40/Root/Payload/jenkins-demo.app/PkgInfo
/var/folders/9d/b9k0sbgs6cjgd66t2mgds5jm0000gp/T/XcodeDistPipeline.b40/Root/Payload/jenkins-demo.app/_CodeSignature
/var/folders/9d/b9k0sbgs6cjgd66t2mgds5jm0000gp/T/XcodeDistPipeline.b40/Root/Payload/jenkins-demo.app/_CodeSignature/CodeResources
/var/folders/9d/b9k0sbgs6cjgd66t2mgds5jm0000gp/T/XcodeDistPipeline.b40/Root/Payload/jenkins-demo.app/embedded.mobileprovision
/var/folders/9d/b9k0sbgs6cjgd66t2mgds5jm0000gp/T/XcodeDistPipeline.b40/Root/Payload/jenkins-demo.app/jenkins-demo
---
2019-01-22 06:58:30 +0000  warning: Configuration issue: platform AppleTVSimulator.platform doesn't have any non-simulator SDKs; ignoring it
2019-01-22 06:58:30 +0000  warning: Configuration issue: platform WatchSimulator.platform doesn't have any non-simulator SDKs; ignoring it
2019-01-22 06:58:30 +0000  warning: Configuration issue: platform iPhoneSimulator.platform doesn't have any non-simulator SDKs; ignoring it
2019-01-22 06:58:30 +0000  Scanning IPA...
2019-01-22 06:58:30 +0000  /usr/bin/file -b -- /var/folders/9d/b9k0sbgs6cjgd66t2mgds5jm0000gp/T/XcodeDistPipeline.b40/Root/Payload/jenkins-demo.app/Base.lproj/LaunchScreen.storyboardc/01J-lp-oVM-view-Ze5-6b-2t3.nib
2019-01-22 06:58:30 +0000      Command exited with pid 2574 exit 0:
    /usr/bin/file -b -- /var/folders/9d/b9k0sbgs6cjgd66t2mgds5jm0000gp/T/XcodeDistPipeline.b40/Root/Payload/jenkins-demo.app/Base.lproj/LaunchScreen.storyboardc/01J-lp-oVM-view-Ze5-6b-2t3.nib
    Stdout:
        data
    
    Stderr:
    
2019-01-22 06:58:30 +0000  /usr/bin/file -b -- /var/folders/9d/b9k0sbgs6cjgd66t2mgds5jm0000gp/T/XcodeDistPipeline.b40/Root/Payload/jenkins-demo.app/Base.lproj/LaunchScreen.storyboardc/Info.plist
2019-01-22 06:58:30 +0000      Command exited with pid 2575 exit 0:
    /usr/bin/file -b -- /var/folders/9d/b9k0sbgs6cjgd66t2mgds5jm0000gp/T/XcodeDistPipeline.b40/Root/Payload/jenkins-demo.app/Base.lproj/LaunchScreen.storyboardc/Info.plist
    Stdout:
        Apple binary property list
    
    Stderr:
    
2019-01-22 06:58:30 +0000  /usr/bin/file -b -- /var/folders/9d/b9k0sbgs6cjgd66t2mgds5jm0000gp/T/XcodeDistPipeline.b40/Root/Payload/jenkins-demo.app/Base.lproj/LaunchScreen.storyboardc/UIViewController-01J-lp-oVM.nib
2019-01-22 06:58:30 +0000      Command exited with pid 2576 exit 0:
    /usr/bin/file -b -- /var/folders/9d/b9k0sbgs6cjgd66t2mgds5jm0000gp/T/XcodeDistPipeline.b40/Root/Payload/jenkins-demo.app/Base.lproj/LaunchScreen.storyboardc/UIViewController-01J-lp-oVM.nib
    Stdout:
        data
    
    Stderr:
    
2019-01-22 06:58:30 +0000  /usr/bin/file -b -- /var/folders/9d/b9k0sbgs6cjgd66t2mgds5jm0000gp/T/XcodeDistPipeline.b40/Root/Payload/jenkins-demo.app/Base.lproj/Main.storyboardc/BYZ-38-t0r-view-8bC-Xf-vdC.nib
2019-01-22 06:58:30 +0000      Command exited with pid 2578 exit 0:
    /usr/bin/file -b -- /var/folders/9d/b9k0sbgs6cjgd66t2mgds5jm0000gp/T/XcodeDistPipeline.b40/Root/Payload/jenkins-demo.app/Base.lproj/Main.storyboardc/BYZ-38-t0r-view-8bC-Xf-vdC.nib
    Stdout:
        data
    
    Stderr:
    
2019-01-22 06:58:30 +0000  /usr/bin/file -b -- /var/folders/9d/b9k0sbgs6cjgd66t2mgds5jm0000gp/T/XcodeDistPipeline.b40/Root/Payload/jenkins-demo.app/Base.lproj/Main.storyboardc/Info.plist
2019-01-22 06:58:30 +0000      Command exited with pid 2579 exit 0:
    /usr/bin/file -b -- /var/folders/9d/b9k0sbgs6cjgd66t2mgds5jm0000gp/T/XcodeDistPipeline.b40/Root/Payload/jenkins-demo.app/Base.lproj/Main.storyboardc/Info.plist
    Stdout:
        Apple binary property list
    
    Stderr:
    
2019-01-22 06:58:30 +0000  /usr/bin/file -b -- /var/folders/9d/b9k0sbgs6cjgd66t2mgds5jm0000gp/T/XcodeDistPipeline.b40/Root/Payload/jenkins-demo.app/Base.lproj/Main.storyboardc/UIViewController-BYZ-38-t0r.nib
2019-01-22 06:58:30 +0000      Command exited with pid 2580 exit 0:
    /usr/bin/file -b -- /var/folders/9d/b9k0sbgs6cjgd66t2mgds5jm0000gp/T/XcodeDistPipeline.b40/Root/Payload/jenkins-demo.app/Base.lproj/Main.storyboardc/UIViewController-BYZ-38-t0r.nib
    Stdout:
        data
    
    Stderr:
    
2019-01-22 06:58:30 +0000  /usr/bin/file -b -- /var/folders/9d/b9k0sbgs6cjgd66t2mgds5jm0000gp/T/XcodeDistPipeline.b40/Root/Payload/jenkins-demo.app/Info.plist
2019-01-22 06:58:30 +0000      Command exited with pid 2581 exit 0:
    /usr/bin/file -b -- /var/folders/9d/b9k0sbgs6cjgd66t2mgds5jm0000gp/T/XcodeDistPipeline.b40/Root/Payload/jenkins-demo.app/Info.plist
    Stdout:
        Apple binary property list
    
    Stderr:
    
2019-01-22 06:58:30 +0000  /usr/bin/file -b -- /var/folders/9d/b9k0sbgs6cjgd66t2mgds5jm0000gp/T/XcodeDistPipeline.b40/Root/Payload/jenkins-demo.app/PkgInfo
2019-01-22 06:58:31 +0000      Command exited with pid 2582 exit 0:
    /usr/bin/file -b -- /var/folders/9d/b9k0sbgs6cjgd66t2mgds5jm0000gp/T/XcodeDistPipeline.b40/Root/Payload/jenkins-demo.app/PkgInfo
    Stdout:
        ASCII text, with no line terminators
    
    Stderr:
    
2019-01-22 06:58:31 +0000  /usr/bin/file -b -- /var/folders/9d/b9k0sbgs6cjgd66t2mgds5jm0000gp/T/XcodeDistPipeline.b40/Root/Payload/jenkins-demo.app/_CodeSignature/CodeResources
2019-01-22 06:58:31 +0000      Command exited with pid 2583 exit 0:
    /usr/bin/file -b -- /var/folders/9d/b9k0sbgs6cjgd66t2mgds5jm0000gp/T/XcodeDistPipeline.b40/Root/Payload/jenkins-demo.app/_CodeSignature/CodeResources
    Stdout:
        XML 1.0 document text, ASCII text
    
    Stderr:
    
2019-01-22 06:58:31 +0000  /usr/bin/file -b -- /var/folders/9d/b9k0sbgs6cjgd66t2mgds5jm0000gp/T/XcodeDistPipeline.b40/Root/Payload/jenkins-demo.app/embedded.mobileprovision
2019-01-22 06:58:31 +0000      Command exited with pid 2584 exit 0:
    /usr/bin/file -b -- /var/folders/9d/b9k0sbgs6cjgd66t2mgds5jm0000gp/T/XcodeDistPipeline.b40/Root/Payload/jenkins-demo.app/embedded.mobileprovision
    Stdout:
        data
    
    Stderr:
    
2019-01-22 06:58:31 +0000  /usr/bin/file -b -- /var/folders/9d/b9k0sbgs6cjgd66t2mgds5jm0000gp/T/XcodeDistPipeline.b40/Root/Payload/jenkins-demo.app/jenkins-demo
2019-01-22 06:58:31 +0000      Command exited with pid 2585 exit 0:
    /usr/bin/file -b -- /var/folders/9d/b9k0sbgs6cjgd66t2mgds5jm0000gp/T/XcodeDistPipeline.b40/Root/Payload/jenkins-demo.app/jenkins-demo
    Stdout:
        Mach-O 64-bit executable arm64
    
    Stderr:
    
2019-01-22 06:58:31 +0000  /Applications/Xcode.app/Contents/Developer/Toolchains/XcodeDefault.xctoolchain/usr/bin/lipo -info /var/folders/9d/b9k0sbgs6cjgd66t2mgds5jm0000gp/T/XcodeDistPipeline.b40/Root/Payload/jenkins-demo.app/jenkins-demo
2019-01-22 06:58:31 +0000      Command exited with pid 2586 exit 0:
    /Applications/Xcode.app/Contents/Developer/Toolchains/XcodeDefault.xctoolchain/usr/bin/lipo -info /var/folders/9d/b9k0sbgs6cjgd66t2mgds5jm0000gp/T/XcodeDistPipeline.b40/Root/Payload/jenkins-demo.app/jenkins-demo
    Stdout:
        Non-fat file: /var/folders/9d/b9k0sbgs6cjgd66t2mgds5jm0000gp/T/XcodeDistPipeline.b40/Root/Payload/jenkins-demo.app/jenkins-demo is architecture: arm64
    
    Stderr:
    
2019-01-22 06:58:31 +0000  /Applications/Xcode.app/Contents/Developer/Toolchains/XcodeDefault.xctoolchain/usr/bin/otool -h -v -m -arch all /var/folders/9d/b9k0sbgs6cjgd66t2mgds5jm0000gp/T/XcodeDistPipeline.b40/Root/Payload/jenkins-demo.app/jenkins-demo
2019-01-22 06:58:31 +0000      Command exited with pid 2587 exit 0:
    /Applications/Xcode.app/Contents/Developer/Toolchains/XcodeDefault.xctoolchain/usr/bin/otool -h -v -m -arch all /var/folders/9d/b9k0sbgs6cjgd66t2mgds5jm0000gp/T/XcodeDistPipeline.b40/Root/Payload/jenkins-demo.app/jenkins-demo
    Stdout:
        Mach header
              magic cputype cpusubtype  caps    filetype ncmds sizeofcmds      flags
        MH_MAGIC_64   ARM64        ALL  0x00     EXECUTE    22       2712   NOUNDEFS DYLDLINK TWOLEVEL PIE
    
    Stderr:
    
2019-01-22 06:58:31 +0000  /Applications/Xcode.app/Contents/Developer/Toolchains/XcodeDefault.xctoolchain/usr/bin/otool -l -v -m -arch arm64 /var/folders/9d/b9k0sbgs6cjgd66t2mgds5jm0000gp/T/XcodeDistPipeline.b40/Root/Payload/jenkins-demo.app/jenkins-demo
2019-01-22 06:58:31 +0000      Command exited with pid 2589 exit 0:
    /Applications/Xcode.app/Contents/Developer/Toolchains/XcodeDefault.xctoolchain/usr/bin/otool -l -v -m -arch arm64 /var/folders/9d/b9k0sbgs6cjgd66t2mgds5jm0000gp/T/XcodeDistPipeline.b40/Root/Payload/jenkins-demo.app/jenkins-demo
    Stdout:
        /var/folders/9d/b9k0sbgs6cjgd66t2mgds5jm0000gp/T/XcodeDistPipeline.b40/Root/Payload/jenkins-demo.app/jenkins-demo:
        Mach header
              magic cputype cpusubtype  caps    filetype ncmds sizeofcmds      flags
        MH_MAGIC_64   ARM64        ALL  0x00     EXECUTE    22       2712   NOUNDEFS DYLDLINK TWOLEVEL PIE
        Load command 0
              cmd LC_SEGMENT_64
          cmdsize 72
          segname __PAGEZERO
           vmaddr 0x0000000000000000
           vmsize 0x0000000100000000
          fileoff 0
         filesize 0
          maxprot ---
         initprot ---
           nsects 0
            flags (none)
        Load command 1
              cmd LC_SEGMENT_64
          cmdsize 712
          segname __TEXT
           vmaddr 0x0000000100000000
           vmsize 0x0000000000008000
          fileoff 0
         filesize 32768
          maxprot r-x
         initprot r-x
           nsects 8
            flags (none)
        Section
          sectname __text
           segname __TEXT
              addr 0x00000001000067bc
              size 0x00000000000003b4
            offset 26556
             align 2^2 (4)
            reloff 0
            nreloc 0
              type S_REGULAR
        attributes PURE_INSTRUCTIONS SOME_INSTRUCTIONS
         reserved1 0
         reserved2 0
        Section
          sectname __stubs
           segname __TEXT
              addr 0x0000000100006b70
              size 0x000000000000006c
            offset 27504
             align 2^2 (4)
            reloff 0
            nreloc 0
              type S_SYMBOL_STUBS
        attributes PURE_INSTRUCTIONS SOME_INSTRUCTIONS
         reserved1 0 (index into indirect symbol table)
         reserved2 12 (size of stubs)
        Section
          sectname __stub_helper
           segname __TEXT
              addr 0x0000000100006bdc
              size 0x0000000000000084
            offset 27612
             align 2^2 (4)
            reloff 0
            nreloc 0
              type S_REGULAR
        attributes PURE_INSTRUCTIONS SOME_INSTRUCTIONS
         reserved1 0
         reserved2 0
        Section
          sectname __objc_methname
           segname __TEXT
              addr 0x0000000100006c60
              size 0x0000000000000a27
            offset 27744
             align 2^0 (1)
            reloff 0
            nreloc 0
              type S_CSTRING_LITERALS
        attributes (none)
         reserved1 0
         reserved2 0
        Section
          sectname __objc_classname
           segname __TEXT
              addr 0x0000000100007687
              size 0x000000000000003c
            offset 30343
             align 2^0 (1)
            reloff 0
            nreloc 0
              type S_CSTRING_LITERALS
        attributes (none)
         reserved1 0
         reserved2 0
        Section
          sectname __objc_methtype
           segname __TEXT
              addr 0x00000001000076c3
              size 0x000000000000086d
            offset 30403
             align 2^0 (1)
            reloff 0
            nreloc 0
              type S_CSTRING_LITERALS
        attributes (none)
         reserved1 0
         reserved2 0
        Section
          sectname __cstring
           segname __TEXT
              addr 0x0000000100007f30
              size 0x000000000000007a
            offset 32560
             align 2^0 (1)
            reloff 0
            nreloc 0
              type S_CSTRING_LITERALS
        attributes (none)
         reserved1 0
         reserved2 0
        Section
          sectname __unwind_info
           segname __TEXT
              addr 0x0000000100007fac
              size 0x0000000000000054
            offset 32684
             align 2^2 (4)
            reloff 0
            nreloc 0
              type S_REGULAR
        attributes (n
2019-01-22 06:58:31 +0000  one)
         reserved1 0
         reserved2 0
        Load command 2
              cmd LC_SEGMENT_64
          cmdsize 1032
          segname __DATA
           vmaddr 0x0000000100008000
           vmsize 0x0000000000004000
          fileoff 32768
         filesize 16384
          maxprot rw-
         initprot rw-
           nsects 12
            flags (none)
        Section
          sectname __got
           segname __DATA
              addr 0x0000000100008000
              size 0x0000000000000010
            offset 32768
             align 2^3 (8)
            reloff 0
            nreloc 0
              type S_NON_LAZY_SYMBOL_POINTERS
        attributes (none)
         reserved1 9 (index into indirect symbol table)
         reserved2 0
        Section
          sectname __la_symbol_ptr
           segname __DATA
              addr 0x0000000100008010
              size 0x0000000000000048
            offset 32784
             align 2^3 (8)
            reloff 0
            nreloc 0
              type S_LAZY_SYMBOL_POINTERS
        attributes (none)
         reserved1 11 (index into indirect symbol table)
         reserved2 0
        Section
          sectname __objc_classlist
           segname __DATA
              addr 0x0000000100008058
              size 0x0000000000000010
            offset 32856
             align 2^3 (8)
            reloff 0
            nreloc 0
              type S_REGULAR
        attributes NO_DEAD_STRIP
         reserved1 0
         reserved2 0
        Section
          sectname __objc_protolist
           segname __DATA
              addr 0x0000000100008068
              size 0x0000000000000010
            offset 32872
             align 2^3 (8)
            reloff 0
            nreloc 0
              type S_REGULAR
        attributes (none)
         reserved1 0
         reserved2 0
        Section
          sectname __objc_imageinfo
           segname __DATA
              addr 0x0000000100008078
              size 0x0000000000000008
            offset 32888
             align 2^2 (4)
            reloff 0
            nreloc 0
              type S_REGULAR
        attributes (none)
         reserved1 0
         reserved2 0
        Section
          sectname __objc_const
           segname __DATA
              addr 0x0000000100008080
              size 0x0000000000000be8
            offset 32896
             align 2^3 (8)
            reloff 0
            nreloc 0
              type S_REGULAR
        attributes (none)
         reserved1 0
         reserved2 0
        Section
          sectname __objc_selrefs
           segname __DATA
              addr 0x0000000100008c68
              size 0x0000000000000010
            offset 35944
             align 2^3 (8)
            reloff 0
            nreloc 0
              type S_LITERAL_POINTERS
        attributes NO_DEAD_STRIP
         reserved1 0
         reserved2 0
        Section
          sectname __objc_classrefs
           segname __DATA
              addr 0x0000000100008c78
              size 0x0000000000000008
            offset 35960
             align 2^3 (8)
            reloff 0
            nreloc 0
              type S_REGULAR
        attributes NO_DEAD_STRIP
         reserved1 0
         reserved2 0
        Section
          sectname __objc_superrefs
           segname __DATA
              addr 0x0000000100008c80
              size 0x0000000000000008
            offset 35968
             align 2^3 (8)
            reloff 0
            nreloc 0
              type S_REGULAR
        attributes NO_DEAD_STRIP
         reserved1 0
         reserved2 0
        Section
          sectname __objc_ivar
           segname __DATA
              addr 0x0000000100008c88
              size 0x0000000000000004
            offset 35976
             align 2^2 (4)
            reloff 0
            nreloc 0
              type S_REGULAR
        attributes (none)
         reserved1 0
         reserved2 0
        Section
          sectname __objc_data
           segname __DATA
              addr 0x0000000100008c90
              size 0x00000000000000a0
            offset 3
2019-01-22 06:58:31 +0000  5984
             align 2^3 (8)
            reloff 0
            nreloc 0
              type S_REGULAR
        attributes (none)
         reserved1 0
         reserved2 0
        Section
          sectname __data
           segname __DATA
              addr 0x0000000100008d30
              size 0x00000000000000c0
            offset 36144
             align 2^3 (8)
            reloff 0
            nreloc 0
              type S_REGULAR
        attributes (none)
         reserved1 0
         reserved2 0
        Load command 3
              cmd LC_SEGMENT_64
          cmdsize 152
          segname __LLVM
           vmaddr 0x000000010000c000
           vmsize 0x0000000000010000
          fileoff 49152
         filesize 65536
          maxprot rw-
         initprot rw-
           nsects 1
            flags NORELOC
        Section
          sectname __bundle
           segname __LLVM
              addr 0x000000010000c000
              size 0x000000000000c3d6
            offset 49152
             align 2^0 (1)
            reloff 0
            nreloc 0
              type S_REGULAR
        attributes (none)
         reserved1 0
         reserved2 0
        Load command 4
              cmd LC_SEGMENT_64
          cmdsize 72
          segname __LINKEDIT
           vmaddr 0x000000010001c000
           vmsize 0x0000000000008000
          fileoff 114688
         filesize 21664
          maxprot r--
         initprot r--
           nsects 0
            flags (none)
        Load command 5
                    cmd LC_DYLD_INFO_ONLY
                cmdsize 48
             rebase_off 114688
            rebase_size 200
               bind_off 114888
              bind_size 264
          weak_bind_off 0
         weak_bind_size 0
          lazy_bind_off 115152
         lazy_bind_size 248
             export_off 115400
            export_size 168
        Load command 6
             cmd LC_SYMTAB
         cmdsize 24
          symoff 115584
           nsyms 18
          stroff 115952
         strsize 416
        Load command 7
                    cmd LC_DYSYMTAB
                cmdsize 80
              ilocalsym 0
              nlocalsym 1
             iextdefsym 1
             nextdefsym 1
              iundefsym 2
              nundefsym 16
                 tocoff 0
                   ntoc 0
              modtaboff 0
                nmodtab 0
           extrefsymoff 0
            nextrefsyms 0
         indirectsymoff 115872
          nindirectsyms 20
              extreloff 0
                nextrel 0
              locreloff 0
                nlocrel 0
        Load command 8
                  cmd LC_LOAD_DYLINKER
              cmdsize 32
                 name /usr/lib/dyld (offset 12)
        Load command 9
             cmd LC_UUID
         cmdsize 24
            uuid D0F76870-5D3E-342C-AD05-52F6EB4E5D22
        Load command 10
               cmd LC_BUILD_VERSION
           cmdsize 32
          platform ios
               sdk 12.1
             minos 12.1
            ntools 1
              tool ld
           version 409.12
        Load command 11
              cmd LC_SOURCE_VERSION
          cmdsize 16
          version 0.0
        Load command 12
               cmd LC_MAIN
           cmdsize 24
          entryoff 26636
         stacksize 0
        Load command 13
                  cmd LC_ENCRYPTION_INFO_64
              cmdsize 24
             cryptoff 16384
            cryptsize 16384
              cryptid 0
                  pad 0
        Load command 14
                  cmd LC_LOAD_DYLIB
              cmdsize 88
                 name /System/Library/Frameworks/Foundation.framework/Foundation (offset 24)
           time stamp 2 Thu Jan  1 06:00:02 1970
              current version 1560.10.0
        compatibility version 300.0.0
        Load command 15
                  cmd LC_LOAD_DYLIB
              cmdsize 56
                 name /usr/lib/libobjc.A.dylib (offset 24)
           time stamp 2 Thu Jan  1 06:00:02 1970
              current version 228.0.0
        compatibility version 1.0.0
        Load command 16
                  cmd LC_LOA
2019-01-22 06:58:31 +0000  D_DYLIB
              cmdsize 56
                 name /usr/lib/libSystem.B.dylib (offset 24)
           time stamp 2 Thu Jan  1 06:00:02 1970
              current version 1252.200.5
        compatibility version 1.0.0
        Load command 17
                  cmd LC_LOAD_DYLIB
              cmdsize 80
                 name /System/Library/Frameworks/UIKit.framework/UIKit (offset 24)
           time stamp 2 Thu Jan  1 06:00:02 1970
              current version 61000.0.0
        compatibility version 1.0.0
        Load command 18
                  cmd LC_RPATH
              cmdsize 40
                 path @executable_path/Frameworks (offset 12)
        Load command 19
              cmd LC_FUNCTION_STARTS
          cmdsize 16
          dataoff 115568
         datasize 16
        Load command 20
              cmd LC_DATA_IN_CODE
          cmdsize 16
          dataoff 115584
         datasize 0
        Load command 21
              cmd LC_CODE_SIGNATURE
          cmdsize 16
          dataoff 116368
         datasize 19984
    
    Stderr:
    
2019-01-22 06:58:31 +0000  Complete LinkageGraph:
    jenkins-demo.app/jenkins-demo arm64 ->
2019-01-22 06:58:31 +0000  Validating IPA structure...
2019-01-22 06:58:31 +0000  /Applications/Xcode.app/Contents/Developer/usr/bin/bitcode-build-tool -v -t /Applications/Xcode.app/Contents/Developer/Toolchains/XcodeDefault.xctoolchain/usr/bin --sdk /Applications/Xcode.app/Contents/Developer/Platforms/iPhoneOS.platform/Developer/SDKs/iPhoneOS12.1.sdk -o /var/folders/9d/b9k0sbgs6cjgd66t2mgds5jm0000gp/T/ipatool20190122-2564-18lulcv/thinned-out/arm64/Payload/jenkins-demo.app/jenkins-demo --generate-dsym /var/folders/9d/b9k0sbgs6cjgd66t2mgds5jm0000gp/T/ipatool20190122-2564-18lulcv/thinned-out/arm64/Payload/jenkins-demo.app/jenkins-demo.dSYM --strip-swift-symbols /var/folders/9d/b9k0sbgs6cjgd66t2mgds5jm0000gp/T/ipatool20190122-2564-18lulcv/thinned-in/arm64/Payload/jenkins-demo.app/jenkins-demo
2019-01-22 06:58:31 +0000  Compiling bitcode...
  Compiling bitcode for arm64...
    Compiling arm64 bitcode in 'jenkins-demo'
2019-01-22 06:58:31 +0000      Command exited with pid 2607 exit 0:
    /Applications/Xcode.app/Contents/Developer/usr/bin/bitcode-build-tool -v -t /Applications/Xcode.app/Contents/Developer/Toolchains/XcodeDefault.xctoolchain/usr/bin --sdk /Applications/Xcode.app/Contents/Developer/Platforms/iPhoneOS.platform/Developer/SDKs/iPhoneOS12.1.sdk -o /var/folders/9d/b9k0sbgs6cjgd66t2mgds5jm0000gp/T/ipatool20190122-2564-18lulcv/thinned-out/arm64/Payload/jenkins-demo.app/jenkins-demo --generate-dsym /var/folders/9d/b9k0sbgs6cjgd66t2mgds5jm0000gp/T/ipatool20190122-2564-18lulcv/thinned-out/arm64/Payload/jenkins-demo.app/jenkins-demo.dSYM --strip-swift-symbols /var/folders/9d/b9k0sbgs6cjgd66t2mgds5jm0000gp/T/ipatool20190122-2564-18lulcv/thinned-in/arm64/Payload/jenkins-demo.app/jenkins-demo
    Stdout:
        Debug: SDK path: /Applications/Xcode.app/Contents/Developer/Platforms/iPhoneOS.platform/Developer/SDKs/iPhoneOS12.1.sdk
        Debug: PATH: ['/Applications/Xcode.app/Contents/Developer/Toolchains/XcodeDefault.xctoolchain/usr/bin', '/Applications/Xcode.app/Contents/Developer/usr/bin']
        Debug: Using: /Applications/Xcode.app/Contents/Developer/Toolchains/XcodeDefault.xctoolchain/usr/bin/lipo
        MachoInfo: cd /
        "/Applications/Xcode.app/Contents/Developer/Toolchains/XcodeDefault.xctoolchain/usr/bin/lipo" "-info" "/var/folders/9d/b9k0sbgs6cjgd66t2mgds5jm0000gp/T/ipatool20190122-2564-18lulcv/thinned-in/arm64/Payload/jenkins-demo.app/jenkins-demo"
        -= Output =-
        Non-fat file: /var/folders/9d/b9k0sbgs6cjgd66t2mgds5jm0000gp/T/ipatool20190122-2564-18lulcv/thinned-in/arm64/Payload/jenkins-demo.app/jenkins-demo is architecture: arm64
        Exited with 0
        
        Debug: Command took 0 seconds
        Debug: Using: /Applications/Xcode.app/Contents/Developer/Toolchains/XcodeDefault.xctoolchain/usr/bin/dwarfdump
        GetUUID: cd /
        "/Applications/Xcode.app/Contents/Developer/Toolchains/XcodeDefault.xctoolchain/usr/bin/dwarfdump" "-u" "/var/folders/9d/b9k0sbgs6cjgd66t2mgds5jm0000gp/T/ipatool20190122-2564-18lulcv/thinned-in/arm64/Payload/jenkins-demo.app/jenkins-demo"
        -= Output =-
        UUID: D0F76870-5D3E-342C-AD05-52F6EB4E5D22 (arm64) /var/folders/9d/b9k0sbgs6cjgd66t2mgds5jm0000gp/T/ipatool20190122-2564-18lulcv/thinned-in/arm64/Payload/jenkins-demo.app/jenkins-demo
        Exited with 0
        
        Debug: Command took 0 seconds
        Debug: Using: /Applications/Xcode.app/Contents/Developer/Toolchains/XcodeDefault.xctoolchain/usr/bin/segedit
        ExtractXAR: cd /
        "/Applications/Xcode.app/Contents/Developer/Toolchains/XcodeDefault.xctoolchain/usr/bin/segedit" "/var/folders/9d/b9k0sbgs6cjgd66t2mgds5jm0000gp/T/ipatool20190122-2564-18lulcv/thinned-in/arm64/Payload/jenkins-demo.app/jenkins-demo" "-extract" "__LLVM" "__bundle" "/var/folders/9d/b9k0sbgs6cjgd66t2mgds5jm0000gp/T/jenkins-demo9NmCEF/jenkins-demo.arm64.xar"
        -= Output =-
        Exited with 0
        
        Debug: Command took 0 seconds
        Debug: Bitcode bundle version: 1.0
        Debug: Setting platform to: iOS
        Debug: Using: /Applications/Xcode.app/Contents/Developer/Toolchains/XcodeDefault.xctoolchain/usr/bin/ld
        Debug: Using: /Applications/Xcode.app/Contents/Developer/Toolchains/XcodeDefault.xctoolchain/usr/bin/clang
        Clang: cd /var/folders/9d/b9k0sbgs6cjgd66t2mgds5jm0000gp/T/tempt0KuAm
        "/Applications/Xcode.app/Contents/Developer/Toolchains/XcodeDefault.xctoolchain/usr/bin/clang" "-cc1" "-triple" "arm64-apple-ios12.1.0" "-emit-obj" "-disable-llvm-passes" "-target-abi" "darwinpcs" "-O0" "-x" "ir" "1" "-o" "1.o"
        -= Output =-
        Exited with 0
        
        Debug: Command took 0 seconds
        Clang: cd /var/folders/9d/b9k0sbgs6cjgd66t2mgds5jm0000gp/T/tempt0KuAm
        "/Applications/Xcode.app/Contents/Developer/Toolchains/XcodeDefault.xctoolchain/usr/bin/clang" "-cc1" "-triple" "arm64-apple-ios12.1.0" "-emit-obj" "-disable-llvm-passes" "-target-abi" "darwinpcs" "-O0" "-x" "ir" "2" "-o" "2.o"
        -= Output =-
        Exited with 0
        
        Debug: Command took 0
2019-01-22 06:58:32 +0000   seconds
        Clang: cd /var/folders/9d/b9k0sbgs6cjgd66t2mgds5jm0000gp/T/tempt0KuAm
        "/Applications/Xcode.app/Contents/Developer/Toolchains/XcodeDefault.xctoolchain/usr/bin/clang" "-cc1" "-triple" "arm64-apple-ios12.1.0" "-emit-obj" "-disable-llvm-passes" "-target-abi" "darwinpcs" "-O0" "-x" "ir" "3" "-o" "3.o"
        -= Output =-
        Exited with 0
        
        Debug: Command took 0 seconds
        Debug: Found framework/dylib: /Applications/Xcode.app/Contents/Developer/Platforms/iPhoneOS.platform/Developer/SDKs/iPhoneOS12.1.sdk/System/Library/Frameworks/Foundation.framework/Foundation.tbd
        Debug: Found framework/dylib: /Applications/Xcode.app/Contents/Developer/Platforms/iPhoneOS.platform/Developer/SDKs/iPhoneOS12.1.sdk/usr/lib/libobjc.A.tbd
        Debug: Found framework/dylib: /Applications/Xcode.app/Contents/Developer/Platforms/iPhoneOS.platform/Developer/SDKs/iPhoneOS12.1.sdk/usr/lib/libSystem.B.tbd
        Debug: Found framework/dylib: /Applications/Xcode.app/Contents/Developer/Platforms/iPhoneOS.platform/Developer/SDKs/iPhoneOS12.1.sdk/System/Library/Frameworks/UIKit.framework/UIKit.tbd
        Debug: Found framework/dylib: /Applications/Xcode.app/Contents/Developer/Platforms/iPhoneOS.platform/Developer/SDKs/iPhoneOS12.1.sdk/usr/lib/libobjc.A.tbd
        Ld: cd /var/folders/9d/b9k0sbgs6cjgd66t2mgds5jm0000gp/T/tempt0KuAm
        "/Applications/Xcode.app/Contents/Developer/Toolchains/XcodeDefault.xctoolchain/usr/bin/ld" "-arch" "arm64" "-execute" "-ios_version_min" "12.1.0" "-e" "_main" "-rpath" "@executable_path/Frameworks" "-executable_path" "/Users/shamim/Library/Developer/Xcode/DerivedData/jenkins-demo-aacjxmoeehohhvctfklivhnysqmw/Build/Intermediates.noindex/ArchiveIntermediates/jenkins-demo/InstallationBuildProductsLocation/Applications/jenkins-demo.app/jenkins-demo" "-dead_strip" "-export_dynamic" "-syslibroot" "/Applications/Xcode.app/Contents/Developer/Platforms/iPhoneOS.platform/Developer/SDKs/iPhoneOS12.1.sdk" "-sdk_version" "12.1.0" "-filelist" "/private/var/folders/9d/b9k0sbgs6cjgd66t2mgds5jm0000gp/T/jenkins-demo9NmCEF/jenkins-demo.arm64.out.LinkFileList" "-ignore_auto_link" "-allow_dead_duplicates" "/Applications/Xcode.app/Contents/Developer/Platforms/iPhoneOS.platform/Developer/SDKs/iPhoneOS12.1.sdk/System/Library/Frameworks/Foundation.framework/Foundation.tbd" "/Applications/Xcode.app/Contents/Developer/Platforms/iPhoneOS.platform/Developer/SDKs/iPhoneOS12.1.sdk/usr/lib/libobjc.A.tbd" "/Applications/Xcode.app/Contents/Developer/Platforms/iPhoneOS.platform/Developer/SDKs/iPhoneOS12.1.sdk/usr/lib/libSystem.B.tbd" "/Applications/Xcode.app/Contents/Developer/Platforms/iPhoneOS.platform/Developer/SDKs/iPhoneOS12.1.sdk/System/Library/Frameworks/UIKit.framework/UIKit.tbd" "/Applications/Xcode.app/Contents/Developer/Platforms/iPhoneOS.platform/Developer/SDKs/iPhoneOS12.1.sdk/usr/lib/libobjc.A.tbd" "/Applications/Xcode.app/Contents/Developer/Toolchains/XcodeDefault.xctoolchain/usr/lib/clang/10.0.0/lib/darwin/libclang_rt.ios.a" "-o" "/private/var/folders/9d/b9k0sbgs6cjgd66t2mgds5jm0000gp/T/jenkins-demo9NmCEF/jenkins-demo.arm64.out"
        -= Output =-
        Exited with 0
        
        Debug: Command took 0 seconds
        warning: Cannot genarte useful dsym from input macho file: /var/folders/9d/b9k0sbgs6cjgd66t2mgds5jm0000gp/T/ipatool20190122-2564-18lulcv/thinned-in/arm64/Payload/jenkins-demo.app/jenkins-demo
        
        GetUUID: cd /
        "/Applications/Xcode.app/Contents/Developer/Toolchains/XcodeDefault.xctoolchain/usr/bin/dwarfdump" "-u" "/var/folders/9d/b9k0sbgs6cjgd66t2mgds5jm0000gp/T/ipatool20190122-2564-18lulcv/thinned-out/arm64/Payload/jenkins-demo.app/jenkins-demo"
        -= Output =-
        UUID: 8460D849-81B3-31F7-AFB9-8DAE14FBC490 (arm64) /var/folders/9d/b9k0sbgs6cjgd66t2mgds5jm0000gp/T/ipatool20190122-2564-18lulcv/thinned-out/arm64/Payload/jenkins-demo.app/jenkins-demo
        Exited with 0
        
        Debug: Command took 0 seconds
        Debug: Using: /Applications/Xcode.app/Contents/Developer/Toolchains/XcodeDefault.xctoolchain/usr/bin/dsymutil
  
2019-01-22 06:58:32 +0000        Dsymutil: cd /
        "/Applications/Xcode.app/Contents/Developer/Toolchains/XcodeDefault.xctoolchain/usr/bin/dsymutil" "/var/folders/9d/b9k0sbgs6cjgd66t2mgds5jm0000gp/T/ipatool20190122-2564-18lulcv/thinned-out/arm64/Payload/jenkins-demo.app/jenkins-demo" "-o" "/var/folders/9d/b9k0sbgs6cjgd66t2mgds5jm0000gp/T/ipatool20190122-2564-18lulcv/thinned-out/arm64/Payload/jenkins-demo.app/jenkins-demo.dSYM"
        -= Output =-
        Exited with 0
        
        Debug: Command took 0 seconds
        Debug: Using: /Applications/Xcode.app/Contents/Developer/Toolchains/XcodeDefault.xctoolchain/usr/bin/strip
        StripSymbols: cd /
        "/Applications/Xcode.app/Contents/Developer/Toolchains/XcodeDefault.xctoolchain/usr/bin/strip" "/var/folders/9d/b9k0sbgs6cjgd66t2mgds5jm0000gp/T/ipatool20190122-2564-18lulcv/thinned-out/arm64/Payload/jenkins-demo.app/jenkins-demo"
        -= Output =-
        Exited with 0
        
        Debug: Command took 0 seconds
    
    Stderr:
    
/Applications/Xcode.app/Contents/Developer/usr/bin/symbols -failIfMissingDsym -symbolsPackageDir /var/folders/9d/b9k0sbgs6cjgd66t2mgds5jm0000gp/T/ipatool20190122-2564-18lulcv/thinned-out/arm64/Payload/jenkins-demo.app /var/folders/9d/b9k0sbgs6cjgd66t2mgds5jm0000gp/T/ipatool20190122-2564-18lulcv/thinned-out/arm64/Payload/jenkins-demo.app/jenkins-demo
2019-01-22 06:58:32 +0000      Command exited with pid 2623 exit 0:
    /Applications/Xcode.app/Contents/Developer/usr/bin/symbols -failIfMissingDsym -symbolsPackageDir /var/folders/9d/b9k0sbgs6cjgd66t2mgds5jm0000gp/T/ipatool20190122-2564-18lulcv/thinned-out/arm64/Payload/jenkins-demo.app /var/folders/9d/b9k0sbgs6cjgd66t2mgds5jm0000gp/T/ipatool20190122-2564-18lulcv/thinned-out/arm64/Payload/jenkins-demo.app/jenkins-demo
    Stdout:
        /var/folders/9d/b9k0sbgs6cjgd66t2mgds5jm0000gp/T/ipatool20190122-2564-18lulcv/thinned-out/arm64/Payload/jenkins-demo.app/jenkins-demo [arm64, 0.000709 seconds]:
    
    Stderr:
    
2019-01-22 06:58:32 +0000  /usr/bin/file -b -- /var/folders/9d/b9k0sbgs6cjgd66t2mgds5jm0000gp/T/ipatool20190122-2564-18lulcv/thinned-out/arm64/Payload/jenkins-demo.app/jenkins-demo.dSYM/Contents/Resources/DWARF/jenkins-demo
2019-01-22 06:58:32 +0000      Command exited with pid 2624 exit 0:
    /usr/bin/file -b -- /var/folders/9d/b9k0sbgs6cjgd66t2mgds5jm0000gp/T/ipatool20190122-2564-18lulcv/thinned-out/arm64/Payload/jenkins-demo.app/jenkins-demo.dSYM/Contents/Resources/DWARF/jenkins-demo
    Stdout:
        Mach-O 64-bit dSYM companion file arm64
    
    Stderr:
    
2019-01-22 06:58:32 +0000  /Applications/Xcode.app/Contents/Developer/Toolchains/XcodeDefault.xctoolchain/usr/bin/lipo -info /var/folders/9d/b9k0sbgs6cjgd66t2mgds5jm0000gp/T/ipatool20190122-2564-18lulcv/thinned-out/arm64/Payload/jenkins-demo.app/jenkins-demo.dSYM/Contents/Resources/DWARF/jenkins-demo
2019-01-22 06:58:32 +0000      Command exited with pid 2625 exit 0:
    /Applications/Xcode.app/Contents/Developer/Toolchains/XcodeDefault.xctoolchain/usr/bin/lipo -info /var/folders/9d/b9k0sbgs6cjgd66t2mgds5jm0000gp/T/ipatool20190122-2564-18lulcv/thinned-out/arm64/Payload/jenkins-demo.app/jenkins-demo.dSYM/Contents/Resources/DWARF/jenkins-demo
    Stdout:
        Non-fat file: /var/folders/9d/b9k0sbgs6cjgd66t2mgds5jm0000gp/T/ipatool20190122-2564-18lulcv/thinned-out/arm64/Payload/jenkins-demo.app/jenkins-demo.dSYM/Contents/Resources/DWARF/jenkins-demo is architecture: arm64
    
    Stderr:
    
2019-01-22 06:58:32 +0000  /Applications/Xcode.app/Contents/Developer/Toolchains/XcodeDefault.xctoolchain/usr/bin/otool -h -v -m -arch all /var/folders/9d/b9k0sbgs6cjgd66t2mgds5jm0000gp/T/ipatool20190122-2564-18lulcv/thinned-out/arm64/Payload/jenkins-demo.app/jenkins-demo.dSYM/Contents/Resources/DWARF/jenkins-demo
2019-01-22 06:58:32 +0000      Command exited with pid 2626 exit 0:
    /Applications/Xcode.app/Contents/Developer/Toolchains/XcodeDefault.xctoolchain/usr/bin/otool -h -v -m -arch all /var/folders/9d/b9k0sbgs6cjgd66t2mgds5jm0000gp/T/ipatool20190122-2564-18lulcv/thinned-out/arm64/Payload/jenkins-demo.app/jenkins-demo.dSYM/Contents/Resources/DWARF/jenkins-demo
    Stdout:
        Mach header
              magic cputype cpusubtype  caps    filetype ncmds sizeofcmds      flags
        MH_MAGIC_64   ARM64        ALL  0x00        DSYM     7       2808 0x00000000
    
    Stderr:
    
2019-01-22 06:58:32 +0000  /Applications/Xcode.app/Contents/Developer/Toolchains/XcodeDefault.xctoolchain/usr/bin/otool -l -v -m -arch arm64 /var/folders/9d/b9k0sbgs6cjgd66t2mgds5jm0000gp/T/ipatool20190122-2564-18lulcv/thinned-out/arm64/Payload/jenkins-demo.app/jenkins-demo.dSYM/Contents/Resources/DWARF/jenkins-demo
2019-01-22 06:58:32 +0000      Command exited with pid 2628 exit 0:
    /Applications/Xcode.app/Contents/Developer/Toolchains/XcodeDefault.xctoolchain/usr/bin/otool -l -v -m -arch arm64 /var/folders/9d/b9k0sbgs6cjgd66t2mgds5jm0000gp/T/ipatool20190122-2564-18lulcv/thinned-out/arm64/Payload/jenkins-demo.app/jenkins-demo.dSYM/Contents/Resources/DWARF/jenkins-demo
    Stdout:
        /var/folders/9d/b9k0sbgs6cjgd66t2mgds5jm0000gp/T/ipatool20190122-2564-18lulcv/thinned-out/arm64/Payload/jenkins-demo.app/jenkins-demo.dSYM/Contents/Resources/DWARF/jenkins-demo:
        Mach header
              magic cputype cpusubtype  caps    filetype ncmds sizeofcmds      flags
        MH_MAGIC_64   ARM64        ALL  0x00        DSYM     7       2808 0x00000000
        Load command 0
             cmd LC_UUID
         cmdsize 24
            uuid 8460D849-81B3-31F7-AFB9-8DAE14FBC490
        Load command 1
             cmd LC_SYMTAB
         cmdsize 24
          symoff 4096
           nsyms 17
          stroff 4368
         strsize 284
        Load command 2
              cmd LC_SEGMENT_64
          cmdsize 72
          segname __PAGEZERO
           vmaddr 0x0000000000000000
           vmsize 0x0000000100000000
          fileoff 0
         filesize 0
          maxprot ---
         initprot ---
           nsects 0
            flags (none)
        Load command 3
              cmd LC_SEGMENT_64
          cmdsize 712
          segname __TEXT
           vmaddr 0x0000000100000000
           vmsize 0x0000000000008000
          fileoff 0
         filesize 0
          maxprot r-x
         initprot r-x
           nsects 8
            flags (none)
        Section
          sectname __text
           segname __TEXT
              addr 0x00000001000067bc
              size 0x00000000000003b4
            offset 0
             align 2^2 (4)
            reloff 0
            nreloc 0
              type S_REGULAR
        attributes PURE_INSTRUCTIONS SOME_INSTRUCTIONS
         reserved1 0
         reserved2 0
        Section
          sectname __stubs
           segname __TEXT
              addr 0x0000000100006b70
              size 0x000000000000006c
            offset 0
             align 2^2 (4)
            reloff 0
            nreloc 0
              type S_SYMBOL_STUBS
        attributes PURE_INSTRUCTIONS SOME_INSTRUCTIONS
         reserved1 0 (index into indirect symbol table)
         reserved2 12 (size of stubs)
        Section
          sectname __stub_helper
           segname __TEXT
              addr 0x0000000100006bdc
              size 0x0000000000000084
            offset 0
             align 2^2 (4)
            reloff 0
            nreloc 0
              type S_REGULAR
        attributes PURE_INSTRUCTIONS SOME_INSTRUCTIONS
         reserved1 0
         reserved2 0
        Section
          sectname __objc_methname
           segname __TEXT
              addr 0x0000000100006c60
              size 0x0000000000000a27
            offset 0
             align 2^0 (1)
            reloff 0
            nreloc 0
              type S_CSTRING_LITERALS
        attributes (none)
         reserved1 0
         reserved2 0
        Section
          sectname __objc_classname
           segname __TEXT
              addr 0x0000000100007687
              size 0x000000000000003c
            offset 0
             align 2^0 (1)
            reloff 0
            nreloc 0
              type S_CSTRING_LITERALS
        attributes (none)
         reserved1 0
         reserved2 0
        Section
          sectname __objc_methtype
           segname __TEXT
              addr 0x00000001000076c3
              size 0x000000000000086d
            offset 0
             align 2^0 (1)
            reloff 0
            nreloc 0
              type S_CSTRING_LITERALS
        attributes (none)
         reserved1 0
         reserved2 0
        Section
          sectname __cstring
           segname __TEXT
              addr 0x0000000100007f30
              size 0x000000000000007a
            offset 0
             align 2^0 (1)
            reloff 0
            nreloc 0
              type S_CSTRING_LITERALS
        attrib
2019-01-22 06:58:32 +0000  utes (none)
         reserved1 0
         reserved2 0
        Section
          sectname __unwind_info
           segname __TEXT
              addr 0x0000000100007fac
              size 0x0000000000000054
            offset 0
             align 2^2 (4)
            reloff 0
            nreloc 0
              type S_REGULAR
        attributes (none)
         reserved1 0
         reserved2 0
        Load command 4
              cmd LC_SEGMENT_64
          cmdsize 1032
          segname __DATA
           vmaddr 0x0000000100008000
           vmsize 0x0000000000004000
          fileoff 0
         filesize 0
          maxprot rw-
         initprot rw-
           nsects 12
            flags (none)
        Section
          sectname __got
           segname __DATA
              addr 0x0000000100008000
              size 0x0000000000000010
            offset 0
             align 2^3 (8)
            reloff 0
            nreloc 0
              type S_NON_LAZY_SYMBOL_POINTERS
        attributes (none)
         reserved1 9 (index into indirect symbol table)
         reserved2 0
        Section
          sectname __la_symbol_ptr
           segname __DATA
              addr 0x0000000100008010
              size 0x0000000000000048
            offset 0
             align 2^3 (8)
            reloff 0
            nreloc 0
              type S_LAZY_SYMBOL_POINTERS
        attributes (none)
         reserved1 11 (index into indirect symbol table)
         reserved2 0
        Section
          sectname __objc_classlist
           segname __DATA
              addr 0x0000000100008058
              size 0x0000000000000010
            offset 0
             align 2^3 (8)
            reloff 0
            nreloc 0
              type S_REGULAR
        attributes NO_DEAD_STRIP
         reserved1 0
         reserved2 0
        Section
          sectname __objc_protolist
           segname __DATA
              addr 0x0000000100008068
              size 0x0000000000000010
            offset 0
             align 2^3 (8)
            reloff 0
            nreloc 0
              type S_REGULAR
        attributes (none)
         reserved1 0
         reserved2 0
        Section
          sectname __objc_imageinfo
           segname __DATA
              addr 0x0000000100008078
              size 0x0000000000000008
            offset 0
             align 2^2 (4)
            reloff 0
            nreloc 0
              type S_REGULAR
        attributes (none)
         reserved1 0
         reserved2 0
        Section
          sectname __objc_const
           segname __DATA
              addr 0x0000000100008080
              size 0x0000000000000be8
            offset 0
             align 2^3 (8)
            reloff 0
            nreloc 0
              type S_REGULAR
        attributes (none)
         reserved1 0
         reserved2 0
        Section
          sectname __objc_selrefs
           segname __DATA
              addr 0x0000000100008c68
              size 0x0000000000000010
            offset 0
             align 2^3 (8)
            reloff 0
            nreloc 0
              type S_LITERAL_POINTERS
        attributes NO_DEAD_STRIP
         reserved1 0
         reserved2 0
        Section
          sectname __objc_classrefs
           segname __DATA
              addr 0x0000000100008c78
              size 0x0000000000000008
            offset 0
             align 2^3 (8)
            reloff 0
            nreloc 0
              type S_REGULAR
        attributes NO_DEAD_STRIP
         reserved1 0
         reserved2 0
        Section
          sectname __objc_superrefs
           segname __DATA
              addr 0x0000000100008c80
              size 0x0000000000000008
            offset 0
             align 2^3 (8)
            reloff 0
            nreloc 0
              type S_REGULAR
        attributes NO_DEAD_STRIP
         reserved1 0
         reserved2 0
        Section
          sectname __objc_ivar
           segname __DATA
              addr 0x0000000100008c88
              size 0x0000000000000004
            offset 0
             align 2^2 (4)
           
2019-01-22 06:58:32 +0000   reloff 0
            nreloc 0
              type S_REGULAR
        attributes (none)
         reserved1 0
         reserved2 0
        Section
          sectname __objc_data
           segname __DATA
              addr 0x0000000100008c90
              size 0x00000000000000a0
            offset 0
             align 2^3 (8)
            reloff 0
            nreloc 0
              type S_REGULAR
        attributes (none)
         reserved1 0
         reserved2 0
        Section
          sectname __data
           segname __DATA
              addr 0x0000000100008d30
              size 0x00000000000000c0
            offset 0
             align 2^3 (8)
            reloff 0
            nreloc 0
              type S_REGULAR
        attributes (none)
         reserved1 0
         reserved2 0
        Load command 5
              cmd LC_SEGMENT_64
          cmdsize 72
          segname __LINKEDIT
           vmaddr 0x000000010000c000
           vmsize 0x0000000000001000
          fileoff 4096
         filesize 556
          maxprot r--
         initprot r--
           nsects 0
            flags (none)
        Load command 6
              cmd LC_SEGMENT_64
          cmdsize 872
          segname __DWARF
           vmaddr 0x000000010000d000
           vmsize 0x0000000000001000
          fileoff 8192
         filesize 1744
          maxprot rwx
         initprot rw-
           nsects 10
            flags (none)
        Section
          sectname __debug_line
           segname __DWARF
              addr 0x000000010000d000
              size 0x0000000000000161
            offset 8192
             align 2^0 (1)
            reloff 0
            nreloc 0
              type S_REGULAR
        attributes (none)
         reserved1 0
         reserved2 0
        Section
          sectname __debug_pubnames
           segname __DWARF
              addr 0x000000010000d161
              size 0x00000000000000eb
            offset 8545
             align 2^0 (1)
            reloff 0
            nreloc 0
              type S_REGULAR
        attributes (none)
         reserved1 0
         reserved2 0
        Section
          sectname __debug_aranges
           segname __DWARF
              addr 0x000000010000d24c
              size 0x0000000000000090
            offset 8780
             align 2^0 (1)
            reloff 0
            nreloc 0
              type S_REGULAR
        attributes (none)
         reserved1 0
         reserved2 0
        Section
          sectname __debug_info
           segname __DWARF
              addr 0x000000010000d2dc
              size 0x000000000000013f
            offset 8924
             align 2^0 (1)
            reloff 0
            nreloc 0
              type S_REGULAR
        attributes (none)
         reserved1 0
         reserved2 0
        Section
          sectname __debug_abbrev
           segname __DWARF
              addr 0x000000010000d41b
              size 0x0000000000000022
            offset 9243
             align 2^0 (1)
            reloff 0
            nreloc 0
              type S_REGULAR
        attributes (none)
         reserved1 0
         reserved2 0
        Section
          sectname __debug_str
           segname __DWARF
              addr 0x000000010000d43d
              size 0x00000000000000c7
            offset 9277
             align 2^0 (1)
            reloff 0
            nreloc 0
              type S_REGULAR
        attributes (none)
         reserved1 0
         reserved2 0
        Section
          sectname __apple_names
           segname __DWARF
              addr 0x000000010000d504
              size 0x0000000000000154
            offset 9476
             align 2^0 (1)
            reloff 0
            nreloc 0
              type S_REGULAR
        attributes (none)
         reserved1 0
         reserved2 0
        Section
          sectname __apple_namespac
           segname __DWARF
              addr 0x000000010000d658
              size 0x0000000000000024
            offset 9816
             align 2^0 (1)
            reloff 0
            nreloc 0
              type S_REGULAR
  
2019-01-22 06:58:32 +0000        attributes (none)
         reserved1 0
         reserved2 0
        Section
          sectname __apple_types
           segname __DWARF
              addr 0x000000010000d67c
              size 0x0000000000000030
            offset 9852
             align 2^0 (1)
            reloff 0
            nreloc 0
              type S_REGULAR
        attributes (none)
         reserved1 0
         reserved2 0
        Section
          sectname __apple_objc
           segname __DWARF
              addr 0x000000010000d6ac
              size 0x0000000000000024
            offset 9900
             align 2^0 (1)
            reloff 0
            nreloc 0
              type S_REGULAR
        attributes (none)
         reserved1 0
         reserved2 0
    
    Stderr:
    
2019-01-22 06:58:32 +0000  warning: Could not determine platform for arm64 in /var/folders/9d/b9k0sbgs6cjgd66t2mgds5jm0000gp/T/ipatool20190122-2564-18lulcv/thinned-out/arm64/Payload/jenkins-demo.app/jenkins-demo.dSYM/Contents/Resources/DWARF/jenkins-demo
2019-01-22 06:58:32 +0000  Creating universal IPA contents for all variants
  Creating directory /var/folders/9d/b9k0sbgs6cjgd66t2mgds5jm0000gp/T/IDEIPAProcessor.AppThinning.9hY/universal
  Copying jenkins-demo.app output payload directory
2019-01-22 06:58:32 +0000  /Library/Ruby/Gems/2.3.0/gems/CFPropertyList-2.3.5/lib/cfpropertylist/rbCFPropertyList.rb:394: warning: File.exists? is a deprecated name, use File.exist? instead
2019-01-22 06:58:32 +0000    Copying .dSYM files to /var/folders/9d/b9k0sbgs6cjgd66t2mgds5jm0000gp/T/IDEIPAProcessor.AppThinning.9hY/universal/dSYMs
  Copying .symbols files to /var/folders/9d/b9k0sbgs6cjgd66t2mgds5jm0000gp/T/IDEIPAProcessor.AppThinning.9hY/universal/Symbols
2019-01-22 06:58:32 +0000 [MT] /Applications/Xcode.app/Contents/Developer/usr/bin/ipatool exited with 0
2019-01-22 06:58:32 +0000 [MT] ipatool JSON: {
    alerts =     (
                {
            code = 3299;
            description = "Configuration issue: platform AppleTVSimulator.platform doesn't have any non-simulator SDKs; ignoring it";
            info =             {
            };
            level = WARN;
        },
                {
            code = 3299;
            description = "Configuration issue: platform WatchSimulator.platform doesn't have any non-simulator SDKs; ignoring it";
            info =             {
            };
            level = WARN;
        },
                {
            code = 3299;
            description = "Configuration issue: platform iPhoneSimulator.platform doesn't have any non-simulator SDKs; ignoring it";
            info =             {
            };
            level = WARN;
        },
                {
            code = 1782;
            description = "Could not determine platform for arm64 in /var/folders/9d/b9k0sbgs6cjgd66t2mgds5jm0000gp/T/ipatool20190122-2564-18lulcv/thinned-out/arm64/Payload/jenkins-demo.app/jenkins-demo.dSYM/Contents/Resources/DWARF/jenkins-demo";
            info =             {
            };
            level = WARN;
        }
    );
    thinnableAssetCatalogs =     (
    );
    universalIPA =     {
        path = "/var/folders/9d/b9k0sbgs6cjgd66t2mgds5jm0000gp/T/IDEIPAProcessor.AppThinning.9hY/universal";
    };
}
2019-01-22 06:58:32 +0000 [MT] Processing step: IDEDistributionCodeSlimmingStep
2019-01-22 06:58:32 +0000 [MT] Processing step: IDEDistributionCopyBCSymbolMapsStep
2019-01-22 06:58:32 +0000 [MT] Processing step: IDEDistributionSymbolsStep
2019-01-22 06:58:32 +0000 [MT] Skipping step: IDEDistributionSymbolsStep because it said so
2019-01-22 06:58:32 +0000 [MT] Processing step: IDEDistributionAppThinningStep
2019-01-22 06:58:32 +0000 [MT] Skipping step: IDEDistributionAppThinningStep because it said so
2019-01-22 06:58:32 +0000 [MT] Processing step: IDEDistributionArchThinningStep
2019-01-22 06:58:32 +0000 [MT] Running /Applications/Xcode.app/Contents/Developer/Toolchains/XcodeDefault.xctoolchain/usr/bin/lipo '/var/folders/9d/b9k0sbgs6cjgd66t2mgds5jm0000gp/T/XcodeDistPipeline.b40/Root/Payload/jenkins-demo.app/jenkins-demo' '-verify_arch' 'arm64e'
2019-01-22 06:58:32 +0000 [MT] /Applications/Xcode.app/Contents/Developer/Toolchains/XcodeDefault.xctoolchain/usr/bin/lipo exited with 1
2019-01-22 06:58:32 +0000 [MT] Skipping architecture thinning for item "jenkins-demo" because arch "arm64e" wasn't found
2019-01-22 06:58:32 +0000 [MT] Processing step: IDEDistributionODRStep
2019-01-22 06:58:32 +0000 [MT] Processing step: IDEDistributionStripXattrsStep
2019-01-22 06:58:32 +0000 [MT] Running /usr/bin/xattr '-crs' '/var/folders/9d/b9k0sbgs6cjgd66t2mgds5jm0000gp/T/XcodeDistPipeline.b40/Root/Payload/jenkins-demo.app'
2019-01-22 06:58:32 +0000 [MT] /usr/bin/xattr exited with 0
2019-01-22 06:58:32 +0000 [MT] Processing step: IDEDistributionCodesignStep
2019-01-22 06:58:32 +0000 [MT] Entitlements for <IDEDistributionItem: 0x7ff603d7c820 'com.kindermate..jenkins-demo' '<DVTFilePath:0x7ff603d48340:'/Users/shamim/.jenkins/workspace/jenkins-test-repo/jenkins-demo/build/Debug-iphoneos/jenkins-demo.xcarchive/Products/Applications/jenkins-demo.app'>'>: {
    "application-identifier" = "CPU5K89JGU.com.kindermate..jenkins-demo";
    "com.apple.developer.team-identifier" = CPU5K89JGU;
    "get-task-allow" = 1;
    "keychain-access-groups" =     (
        "CPU5K89JGU.com.kindermate..jenkins-demo"
    );
}
2019-01-22 06:58:32 +0000 [MT] Writing entitlements for <IDEDistributionItem: 0x7ff603d7c820 'com.kindermate..jenkins-demo' '<DVTFilePath:0x7ff603d48340:'/Users/shamim/.jenkins/workspace/jenkins-test-repo/jenkins-demo/build/Debug-iphoneos/jenkins-demo.xcarchive/Products/Applications/jenkins-demo.app'>'> to: /var/folders/9d/b9k0sbgs6cjgd66t2mgds5jm0000gp/T/XcodeDistPipeline.b40/entitlementsqv52r4
2019-01-22 06:58:32 +0000 [MT] Running /usr/bin/codesign '-vvv' '--force' '--sign' 'AA8ED3F03732A680E07DB1B46B52A2C5CAAD6DAF' '--entitlements' '/var/folders/9d/b9k0sbgs6cjgd66t2mgds5jm0000gp/T/XcodeDistPipeline.b40/entitlementsqv52r4' '--preserve-metadata=identifier,flags,runtime' '/var/folders/9d/b9k0sbgs6cjgd66t2mgds5jm0000gp/T/XcodeDistPipeline.b40/Root/Payload/jenkins-demo.app'
2019-01-22 06:58:32 +0000  /var/folders/9d/b9k0sbgs6cjgd66t2mgds5jm0000gp/T/XcodeDistPipeline.b40/Root/Payload/jenkins-demo.app: signed app bundle with Mach-O thin (arm64) [com.kindermate..jenkins-demo]
2019-01-22 06:58:32 +0000 [MT] /usr/bin/codesign exited with 0
2019-01-22 06:58:32 +0000 [MT] Processing step: IDEDistributionZipODRItemStep
2019-01-22 06:58:32 +0000 [MT] Skipping step: IDEDistributionZipODRItemStep because it said so
2019-01-22 06:58:32 +0000 [MT] Processing step: IDEDistributionCreateIPAStep
2019-01-22 06:58:32 +0000 [MT] Running /usr/bin/ditto '-V' '-c' '-k' '--norsrc' '/var/folders/9d/b9k0sbgs6cjgd66t2mgds5jm0000gp/T/XcodeDistPipeline.b40/Root' '/var/folders/9d/b9k0sbgs6cjgd66t2mgds5jm0000gp/T/XcodeDistPipeline.b40/Packages/jenkins-demo.ipa'
2019-01-22 06:58:32 +0000  >>> Copying /var/folders/9d/b9k0sbgs6cjgd66t2mgds5jm0000gp/T/XcodeDistPipeline.b40/Root 
2019-01-22 06:58:32 +0000  copying file ./Payload/jenkins-demo.app/_CodeSignature/CodeResources ... 
2019-01-22 06:58:32 +0000  3895 bytes for ./Payload/jenkins-demo.app/_CodeSignature/CodeResources
2019-01-22 06:58:32 +0000  copying file ./Payload/jenkins-demo.app/jenkins-demo ... 
2019-01-22 06:58:32 +0000  70304 bytes for ./Payload/jenkins-demo.app/jenkins-demo
2019-01-22 06:58:32 +0000  copying file ./Payload/jenkins-demo.app/Base.lproj/Main.storyboardc/UIViewController-BYZ-38-t0r.nib ... 
2019-01-22 06:58:32 +0000  916 bytes for ./Payload/jenkins-demo.app/Base.lproj/Main.storyboardc/UIViewController-BYZ-38-t0r.nib
copying file ./Payload/jenkins-demo.app/Base.lproj/Main.storyboardc/BYZ-38-t0r-view-8bC-Xf-vdC.nib ... 
2019-01-22 06:58:32 +0000  1136 bytes for ./Payload/jenkins-demo.app/Base.lproj/Main.storyboardc/BYZ-38-t0r-view-8bC-Xf-vdC.nib
copying file ./Payload/jenkins-demo.app/Base.lproj/Main.storyboardc/Info.plist ... 
2019-01-22 06:58:32 +0000  258 bytes for ./Payload/jenkins-demo.app/Base.lproj/Main.storyboardc/Info.plist
2019-01-22 06:58:32 +0000  copying file ./Payload/jenkins-demo.app/Base.lproj/LaunchScreen.storyboardc/01J-lp-oVM-view-Ze5-6b-2t3.nib ... 
2019-01-22 06:58:32 +0000  1136 bytes for ./Payload/jenkins-demo.app/Base.lproj/LaunchScreen.storyboardc/01J-lp-oVM-view-Ze5-6b-2t3.nib
copying file ./Payload/jenkins-demo.app/Base.lproj/LaunchScreen.storyboardc/UIViewController-01J-lp-oVM.nib ... 
2019-01-22 06:58:32 +0000  832 bytes for ./Payload/jenkins-demo.app/Base.lproj/LaunchScreen.storyboardc/UIViewController-01J-lp-oVM.nib
copying file ./Payload/jenkins-demo.app/Base.lproj/LaunchScreen.storyboardc/Info.plist ... 
2019-01-22 06:58:32 +0000  258 bytes for ./Payload/jenkins-demo.app/Base.lproj/LaunchScreen.storyboardc/Info.plist
copying file ./Payload/jenkins-demo.app/embedded.mobileprovision ... 
2019-01-22 06:58:32 +0000  20548 bytes for ./Payload/jenkins-demo.app/embedded.mobileprovision
copying file ./Payload/jenkins-demo.app/Info.plist ... 
2019-01-22 06:58:32 +0000  2428 bytes for ./Payload/jenkins-demo.app/Info.plist
copying file ./Payload/jenkins-demo.app/PkgInfo ... 
2019-01-22 06:58:32 +0000  8 bytes for ./Payload/jenkins-demo.app/PkgInfo
2019-01-22 06:58:32 +0000 [MT] /usr/bin/ditto exited with 0
2019-01-22 06:58:32 +0000 [MT] Processing step: IDEDistributionAppStoreInformationStep
2019-01-22 06:58:32 +0000 [MT] Skipping step: IDEDistributionAppStoreInformationStep because it said so
2019-01-22 06:58:32 +0000 [MT] Processing step: IDEDistributionCreateManifestStep
